CFB1M continuum smoothing 1 zoom smoothing 1 zoom width 1 18.31,21.66,20.56,21.56,25.84 avg 21.586
CFB1M continuum smoothing 1 zoom smoothing 1 zoom width 2 24.43,25.11,25.16,24.31,27.63 avg 25.328
CFB1M continuum smoothing 1 zoom smoothing 1 zoom width 3 24.17,25.61,24.88,24.92,37.04 avg 27.324
CFB1M continuum smoothing 1 zoom smoothing 1 zoom width 4 37.50,33.53,39.08,33.93,32.81 avg 35.37
CFB1M continuum smoothing 1 zoom smoothing 1 zoom width 5 45.67,49.80,48.50,47.84,46.60 avg 47.682
CFB1M continuum smoothing 1 zoom smoothing 1 zoom width 6 43.74,40.64,49.59,43.44,50.24 avg 45.53
CFB1M continuum smoothing 1 zoom smoothing 1 zoom width 7 50.75,47.88,45.00,48.89,57.39 avg 49.982
CFB1M continuum smoothing 1 zoom smoothing 1 zoom width 8 54.55,66.30,61.54,62.09,57.23 avg 60.342
CFB1M continuum smoothing 1 zoom smoothing 1 zoom width 9 71.45,75.62,72.94,63.43,70.99 avg 70.886
CFB1M continuum smoothing 1 zoom smoothing 1 zoom width 10 64.92,66.58,64.52,60.20,82.50 avg 67.744
CFB1M continuum smoothing 1 zoom smoothing 1 zoom width 11 68.30,67.86,76.40,78.46,74.27 avg 73.058
CFB1M continuum smoothing 1 zoom smoothing 1 zoom width 12 111.69,76.76,84.58,73.97,85.05 avg 86.41
CFB1M continuum smoothing 1 zoom smoothing 1 zoom width 13 84.58,79.69,94.82,97.15,82.01 avg 87.65
CFB1M continuum smoothing 1 zoom smoothing 1 zoom width 14 102.04,87.53,81.20,103.26,110.06 avg 96.818
CFB1M continuum smoothing 1 zoom smoothing 1 zoom width 15 95.30,98.22,108.53,89.51,99.10 avg 98.132
CFB1M continuum smoothing 1 zoom smoothing 1 zoom width 16 106.59,111.11,107.16,91.72,97.25 avg 102.766
CFB64M continuum smoothing 1 zoom smoothing 1 zoom width 1 16.69,16.36,19.23,17.58,16.09 avg 17.19
CFB64M continuum smoothing 1 zoom smoothing 1 zoom width 2 21.08,20.86,19.89,21.39,19.33 avg 20.51
CFB64M continuum smoothing 1 zoom smoothing 1 zoom width 3 21.35,22.02,22.75,23.77,24.14 avg 22.806
CFB64M continuum smoothing 1 zoom smoothing 1 zoom width 4 30.24,31.73,30.67,29.13,28.86 avg 30.126
CFB64M continuum smoothing 1 zoom smoothing 1 zoom width 5 44.57,42.52,41.79,43.26,45.07 avg 43.442
CFB64M continuum smoothing 1 zoom smoothing 1 zoom width 6 48.50,42.87,47.98,44.76,39.56 avg 44.734
CFB64M continuum smoothing 1 zoom smoothing 1 zoom width 7 50.14,47.80,41.86,43.63,49.54 avg 46.594
CFB64M continuum smoothing 1 zoom smoothing 1 zoom width 8 56.17,48.77,56.89,57.28,52.04 avg 54.23
CFB64M continuum smoothing 1 zoom smoothing 1 zoom width 9 71.15,66.26,79.00,74.31,58.93 avg 69.93
CFB64M continuum smoothing 1 zoom smoothing 1 zoom width 10 58.48,64.20,63.06,70.91,63.04 avg 63.938
CFB64M continuum smoothing 1 zoom smoothing 1 zoom width 11 73.59,61.50,70.18,77.86,70.49 avg 70.724
CFB64M continuum smoothing 1 zoom smoothing 1 zoom width 12 68.98,73.18,84.68,66.69,71.34 avg 72.974
CFB64M continuum smoothing 1 zoom smoothing 1 zoom width 13 95.55,90.43,79.43,74.16,85.52 avg 85.018
CFB64M continuum smoothing 1 zoom smoothing 1 zoom width 14 99.39,93.19,98.91,96.10,81.99 avg 93.916
CFB64M continuum smoothing 1 zoom smoothing 1 zoom width 15 99.16,103.16,95.09,97.52,100.83 avg 99.152
CFB64M continuum smoothing 1 zoom smoothing 1 zoom width 16 91.80,85.66,105.26,104.37,111.95 avg 99.808
