CFB1M continuum smoothing 1 zoom smoothing 1 zoom width 1 21.67,23.42,19.77,22.63,21.94 avg 21.886
CFB1M continuum smoothing 1 zoom smoothing 1 zoom width 2 23.35,25.24,26.21,25.61,27.65 avg 25.612
CFB1M continuum smoothing 1 zoom smoothing 1 zoom width 3 23.03,27.81,26.82,28.82,31.09 avg 27.514
CFB1M continuum smoothing 1 zoom smoothing 1 zoom width 4 35.45,41.77,32.69,32.65,38.22 avg 36.156
CFB1M continuum smoothing 1 zoom smoothing 1 zoom width 5 45.22,48.90,38.45,41.24,49.43 avg 44.648
CFB1M continuum smoothing 1 zoom smoothing 1 zoom width 6 52.22,49.20,43.28,44.39,48.82 avg 47.582
CFB1M continuum smoothing 1 zoom smoothing 1 zoom width 7 42.66,53.12,45.65,53.36,55.22 avg 50.002
CFB1M continuum smoothing 1 zoom smoothing 1 zoom width 8 62.35,52.53,61.30,58.28,61.64 avg 59.22
CFB1M continuum smoothing 1 zoom smoothing 1 zoom width 9 67.26,65.98,72.18,70.99,72.31 avg 69.744
CFB1M continuum smoothing 1 zoom smoothing 1 zoom width 10 73.08,78.60,72.37,75.82,67.96 avg 73.566
CFB1M continuum smoothing 1 zoom smoothing 1 zoom width 11 76.65,67.86,62.81,76.67,65.57 avg 69.912
CFB1M continuum smoothing 1 zoom smoothing 1 zoom width 12 69.13,71.46,81.56,75.83,84.77 avg 76.55
CFB1M continuum smoothing 1 zoom smoothing 1 zoom width 13 82.13,96.54,97.04,81.68,91.68 avg 89.814
CFB1M continuum smoothing 1 zoom smoothing 1 zoom width 14 82.48,99.17,94.16,110.77,107.24 avg 98.764
CFB1M continuum smoothing 1 zoom smoothing 1 zoom width 15 101.77,107.35,86.16,97.21,100.14 avg 98.526
CFB1M continuum smoothing 1 zoom smoothing 1 zoom width 16 107.02,90.50,100.96,112.86,114.38 avg 105.144
CFB1M continuum smoothing 1 zoom smoothing 2 zoom width 1 20.71,22.06,19.95,20.36,22.03 avg 21.022
CFB1M continuum smoothing 1 zoom smoothing 2 zoom width 2 23.32,21.25,20.34,21.71,27.93 avg 22.91
CFB1M continuum smoothing 1 zoom smoothing 2 zoom width 3 23.41,26.33,23.00,27.64,27.45 avg 25.566
CFB1M continuum smoothing 1 zoom smoothing 2 zoom width 4 35.81,32.87,36.70,34.58,34.87 avg 34.966
CFB1M continuum smoothing 1 zoom smoothing 2 zoom width 5 45.12,48.29,47.94,39.53,47.09 avg 45.594
CFB1M continuum smoothing 1 zoom smoothing 2 zoom width 6 47.78,48.57,48.54,41.92,47.00 avg 46.762
CFB1M continuum smoothing 1 zoom smoothing 2 zoom width 7 52.33,44.74,49.77,50.59,55.80 avg 50.646
CFB1M continuum smoothing 1 zoom smoothing 2 zoom width 8 58.16,52.33,61.92,52.37,64.65 avg 57.886
CFB1M continuum smoothing 1 zoom smoothing 2 zoom width 9 71.92,72.98,70.80,59.59,66.77 avg 68.412
CFB1M continuum smoothing 1 zoom smoothing 2 zoom width 10 59.14,70.65,71.25,62.69,62.06 avg 65.158
CFB1M continuum smoothing 1 zoom smoothing 2 zoom width 11 72.50,79.70,84.77,88.78,75.55 avg 80.26
CFB1M continuum smoothing 1 zoom smoothing 2 zoom width 12 85.38,75.30,86.43,75.07,88.64 avg 82.164
CFB1M continuum smoothing 1 zoom smoothing 2 zoom width 13 95.10,100.76,92.99,87.86,97.12 avg 94.766
CFB1M continuum smoothing 1 zoom smoothing 2 zoom width 14 94.22,99.33,97.18,110.20,87.73 avg 97.732
CFB1M continuum smoothing 1 zoom smoothing 2 zoom width 15 105.00,96.30,107.86,84.96,90.89 avg 97.002
CFB1M continuum smoothing 1 zoom smoothing 2 zoom width 16 106.54,126.63,97.08,93.05,112.32 avg 107.124
CFB1M continuum smoothing 1 zoom smoothing 4 zoom width 1 20.40,22.03,21.70,19.08,23.87 avg 21.416
CFB1M continuum smoothing 1 zoom smoothing 4 zoom width 2 21.25,25.12,26.70,23.03,24.66 avg 24.152
CFB1M continuum smoothing 1 zoom smoothing 4 zoom width 3 24.14,27.50,26.55,27.10,32.25 avg 27.508
CFB1M continuum smoothing 1 zoom smoothing 4 zoom width 4 38.85,34.61,29.95,36.42,40.32 avg 36.03
CFB1M continuum smoothing 1 zoom smoothing 4 zoom width 5 46.46,44.54,45.52,46.46,49.02 avg 46.4
CFB1M continuum smoothing 1 zoom smoothing 4 zoom width 6 39.54,43.28,50.03,41.66,47.93 avg 44.488
CFB1M continuum smoothing 1 zoom smoothing 4 zoom width 7 48.94,51.03,51.78,54.48,55.62 avg 52.37
CFB1M continuum smoothing 1 zoom smoothing 4 zoom width 8 56.10,54.03,57.39,60.87,62.73 avg 58.224
CFB1M continuum smoothing 1 zoom smoothing 4 zoom width 9 57.68,70.49,67.02,78.76,74.37 avg 69.664
CFB1M continuum smoothing 1 zoom smoothing 4 zoom width 10 69.96,82.85,74.72,68.66,73.91 avg 74.02
CFB1M continuum smoothing 1 zoom smoothing 4 zoom width 11 72.37,66.80,63.97,78.53,69.55 avg 70.244
CFB1M continuum smoothing 1 zoom smoothing 4 zoom width 12 73.92,82.26,70.56,75.88,76.52 avg 75.828
CFB1M continuum smoothing 1 zoom smoothing 4 zoom width 13 99.51,76.77,90.07,89.84,94.70 avg 90.178
CFB1M continuum smoothing 1 zoom smoothing 4 zoom width 14 78.62,97.00,99.16,95.10,100.30 avg 94.036
CFB1M continuum smoothing 1 zoom smoothing 4 zoom width 15 83.82,116.54,97.83,91.22,123.08 avg 102.498
CFB1M continuum smoothing 1 zoom smoothing 4 zoom width 16 114.01,114.08,106.62,106.51,94.07 avg 107.058
CFB1M continuum smoothing 1 zoom smoothing 8 zoom width 1 21.25,21.37,20.35,22.15,22.35 avg 21.494
CFB1M continuum smoothing 1 zoom smoothing 8 zoom width 2 22.46,21.61,22.47,24.97,24.73 avg 23.248
CFB1M continuum smoothing 1 zoom smoothing 8 zoom width 3 25.61,27.60,26.00,23.88,34.15 avg 27.448
CFB1M continuum smoothing 1 zoom smoothing 8 zoom width 4 36.20,33.51,36.99,36.52,34.03 avg 35.45
CFB1M continuum smoothing 1 zoom smoothing 8 zoom width 5 40.99,40.46,39.47,48.27,51.48 avg 44.134
CFB1M continuum smoothing 1 zoom smoothing 8 zoom width 6 49.36,47.50,49.37,46.00,42.83 avg 47.012
CFB1M continuum smoothing 1 zoom smoothing 8 zoom width 7 43.61,52.18,48.81,43.89,57.12 avg 49.122
CFB1M continuum smoothing 1 zoom smoothing 8 zoom width 8 65.79,59.16,64.67,67.49,63.24 avg 64.07
CFB1M continuum smoothing 1 zoom smoothing 8 zoom width 9 79.02,66.75,64.59,64.22,77.32 avg 70.38
CFB1M continuum smoothing 1 zoom smoothing 8 zoom width 10 58.97,74.62,59.52,61.25,81.99 avg 67.27
CFB1M continuum smoothing 1 zoom smoothing 8 zoom width 11 79.67,72.81,72.25,65.15,69.60 avg 71.896
CFB1M continuum smoothing 1 zoom smoothing 8 zoom width 12 85.09,87.86,81.14,89.63,91.12 avg 86.968
CFB1M continuum smoothing 1 zoom smoothing 8 zoom width 13 93.05,76.87,82.64,93.52,100.10 avg 89.236
CFB1M continuum smoothing 1 zoom smoothing 8 zoom width 14 98.64,100.65,91.82,88.69,96.90 avg 95.34
CFB1M continuum smoothing 1 zoom smoothing 8 zoom width 15 100.34,102.08,80.82,94.83,105.45 avg 96.704
CFB1M continuum smoothing 1 zoom smoothing 8 zoom width 16 110.35,102.27,116.48,104.71,92.93 avg 105.348
CFB1M continuum smoothing 1 zoom smoothing 16 zoom width 1 19.83,20.03,20.50,20.68,22.05 avg 20.618
CFB1M continuum smoothing 1 zoom smoothing 16 zoom width 2 25.27,22.27,23.15,23.18,23.83 avg 23.54
CFB1M continuum smoothing 1 zoom smoothing 16 zoom width 3 27.12,24.16,22.69,25.05,27.33 avg 25.27
CFB1M continuum smoothing 1 zoom smoothing 16 zoom width 4 29.60,34.46,38.36,36.86,34.52 avg 34.76
CFB1M continuum smoothing 1 zoom smoothing 16 zoom width 5 37.85,43.69,44.67,40.54,48.98 avg 43.146
CFB1M continuum smoothing 1 zoom smoothing 16 zoom width 6 39.50,47.20,49.98,48.24,46.56 avg 46.296
CFB1M continuum smoothing 1 zoom smoothing 16 zoom width 7 49.92,48.66,45.34,48.03,57.79 avg 49.948
CFB1M continuum smoothing 1 zoom smoothing 16 zoom width 8 50.22,68.35,52.80,53.43,65.48 avg 58.056
CFB1M continuum smoothing 1 zoom smoothing 16 zoom width 9 75.60,67.09,71.00,72.33,60.73 avg 69.35
CFB1M continuum smoothing 1 zoom smoothing 16 zoom width 10 68.10,63.38,69.46,69.71,61.38 avg 66.406
CFB1M continuum smoothing 1 zoom smoothing 16 zoom width 11 69.83,66.49,75.20,71.47,68.81 avg 70.36
CFB1M continuum smoothing 1 zoom smoothing 16 zoom width 12 74.05,71.77,68.36,79.21,71.11 avg 72.9
CFB1M continuum smoothing 1 zoom smoothing 16 zoom width 13 90.89,102.13,103.10,103.09,84.17 avg 96.676
CFB1M continuum smoothing 1 zoom smoothing 16 zoom width 14 89.73,102.61,93.85,101.29,83.03 avg 94.102
CFB1M continuum smoothing 1 zoom smoothing 16 zoom width 15 99.46,83.82,92.71,81.79,108.87 avg 93.33
CFB1M continuum smoothing 1 zoom smoothing 16 zoom width 16 107.54,114.20,105.25,102.39,99.01 avg 105.678
CFB1M continuum smoothing 2 zoom smoothing 1 zoom width 1 21.14,22.38,20.28,23.49,22.97 avg 22.052
CFB1M continuum smoothing 2 zoom smoothing 1 zoom width 2 21.30,23.36,22.01,23.61,24.88 avg 23.032
CFB1M continuum smoothing 2 zoom smoothing 1 zoom width 3 25.80,28.07,23.54,28.79,30.75 avg 27.39
CFB1M continuum smoothing 2 zoom smoothing 1 zoom width 4 34.63,38.03,33.31,37.34,34.60 avg 35.582
CFB1M continuum smoothing 2 zoom smoothing 1 zoom width 5 39.24,44.87,45.07,37.99,40.18 avg 41.47
CFB1M continuum smoothing 2 zoom smoothing 1 zoom width 6 46.14,49.96,49.72,51.45,51.47 avg 49.748
CFB1M continuum smoothing 2 zoom smoothing 1 zoom width 7 45.12,47.86,49.00,59.52,56.97 avg 51.694
CFB1M continuum smoothing 2 zoom smoothing 1 zoom width 8 63.01,54.10,49.70,66.78,52.39 avg 57.196
CFB1M continuum smoothing 2 zoom smoothing 1 zoom width 9 68.10,62.79,72.01,58.06,79.24 avg 68.04
CFB1M continuum smoothing 2 zoom smoothing 1 zoom width 10 72.13,72.37,67.47,74.40,78.78 avg 73.03
CFB1M continuum smoothing 2 zoom smoothing 1 zoom width 11 73.63,85.80,72.47,70.18,64.90 avg 73.396
CFB1M continuum smoothing 2 zoom smoothing 1 zoom width 12 87.58,74.59,78.83,69.59,88.67 avg 79.852
CFB1M continuum smoothing 2 zoom smoothing 1 zoom width 13 93.15,103.53,96.12,79.72,110.26 avg 96.556
CFB1M continuum smoothing 2 zoom smoothing 1 zoom width 14 94.54,85.52,99.85,95.00,98.11 avg 94.604
CFB1M continuum smoothing 2 zoom smoothing 1 zoom width 15 86.77,99.52,115.55,98.91,103.20 avg 100.79
CFB1M continuum smoothing 2 zoom smoothing 1 zoom width 16 113.34,106.83,97.15,125.12,114.51 avg 111.39
CFB1M continuum smoothing 2 zoom smoothing 2 zoom width 1 21.18,21.72,17.78,19.87,24.67 avg 21.044
CFB1M continuum smoothing 2 zoom smoothing 2 zoom width 2 20.17,23.91,22.45,24.71,24.60 avg 23.168
CFB1M continuum smoothing 2 zoom smoothing 2 zoom width 3 27.77,26.99,27.79,28.83,32.66 avg 28.808
CFB1M continuum smoothing 2 zoom smoothing 2 zoom width 4 35.99,31.93,31.69,39.02,32.82 avg 34.29
CFB1M continuum smoothing 2 zoom smoothing 2 zoom width 5 39.33,40.32,37.15,39.07,48.81 avg 40.936
CFB1M continuum smoothing 2 zoom smoothing 2 zoom width 6 40.47,48.74,44.19,46.85,42.73 avg 44.596
CFB1M continuum smoothing 2 zoom smoothing 2 zoom width 7 44.53,48.87,42.10,51.33,56.40 avg 48.646
CFB1M continuum smoothing 2 zoom smoothing 2 zoom width 8 66.85,60.39,57.60,59.86,65.26 avg 61.992
CFB1M continuum smoothing 2 zoom smoothing 2 zoom width 9 58.75,70.72,65.73,72.53,75.21 avg 68.588
CFB1M continuum smoothing 2 zoom smoothing 2 zoom width 10 66.72,59.53,67.57,72.26,78.99 avg 69.014
CFB1M continuum smoothing 2 zoom smoothing 2 zoom width 11 76.18,78.96,65.51,73.03,66.12 avg 71.96
CFB1M continuum smoothing 2 zoom smoothing 2 zoom width 12 86.96,84.32,85.10,81.54,84.78 avg 84.54
CFB1M continuum smoothing 2 zoom smoothing 2 zoom width 13 91.52,91.88,86.28,96.65,101.63 avg 93.592
CFB1M continuum smoothing 2 zoom smoothing 2 zoom width 14 86.62,97.44,86.28,85.10,83.49 avg 87.786
CFB1M continuum smoothing 2 zoom smoothing 2 zoom width 15 102.19,109.92,83.58,103.06,83.64 avg 96.478
CFB1M continuum smoothing 2 zoom smoothing 2 zoom width 16 103.14,110.12,110.33,106.55,94.44 avg 104.916
CFB1M continuum smoothing 2 zoom smoothing 4 zoom width 1 20.62,21.93,21.36,22.06,25.81 avg 22.356
CFB1M continuum smoothing 2 zoom smoothing 4 zoom width 2 20.56,23.70,23.25,25.03,25.61 avg 23.63
CFB1M continuum smoothing 2 zoom smoothing 4 zoom width 3 26.92,25.45,23.34,28.80,30.44 avg 26.99
CFB1M continuum smoothing 2 zoom smoothing 4 zoom width 4 35.71,36.44,36.26,36.21,37.47 avg 36.418
CFB1M continuum smoothing 2 zoom smoothing 4 zoom width 5 37.81,45.22,43.36,40.41,40.74 avg 41.508
CFB1M continuum smoothing 2 zoom smoothing 4 zoom width 6 46.14,49.37,40.56,47.84,52.95 avg 47.372
CFB1M continuum smoothing 2 zoom smoothing 4 zoom width 7 55.95,44.00,49.89,53.34,52.04 avg 51.044
CFB1M continuum smoothing 2 zoom smoothing 4 zoom width 8 56.95,62.21,60.26,60.71,58.69 avg 59.764
CFB1M continuum smoothing 2 zoom smoothing 4 zoom width 9 59.35,74.17,68.84,75.43,73.71 avg 70.3
CFB1M continuum smoothing 2 zoom smoothing 4 zoom width 10 71.42,61.42,71.71,74.55,72.21 avg 70.262
CFB1M continuum smoothing 2 zoom smoothing 4 zoom width 11 76.09,78.12,72.38,63.97,78.62 avg 73.836
CFB1M continuum smoothing 2 zoom smoothing 4 zoom width 12 88.37,85.74,86.49,78.22,84.00 avg 84.564
CFB1M continuum smoothing 2 zoom smoothing 4 zoom width 13 96.21,94.98,91.50,93.94,86.63 avg 92.652
CFB1M continuum smoothing 2 zoom smoothing 4 zoom width 14 84.58,110.01,97.09,81.18,115.01 avg 97.574
CFB1M continuum smoothing 2 zoom smoothing 4 zoom width 15 89.18,96.95,99.27,87.27,102.13 avg 94.96
CFB1M continuum smoothing 2 zoom smoothing 4 zoom width 16 110.29,97.71,110.02,102.43,110.26 avg 106.142
CFB1M continuum smoothing 2 zoom smoothing 8 zoom width 1 19.89,21.70,18.68,20.29,22.45 avg 20.602
CFB1M continuum smoothing 2 zoom smoothing 8 zoom width 2 20.72,22.95,23.07,24.91,26.33 avg 23.596
CFB1M continuum smoothing 2 zoom smoothing 8 zoom width 3 26.98,27.02,27.16,26.04,30.65 avg 27.57
CFB1M continuum smoothing 2 zoom smoothing 8 zoom width 4 35.62,34.66,30.84,32.49,36.48 avg 34.018
CFB1M continuum smoothing 2 zoom smoothing 8 zoom width 5 40.41,37.67,41.68,44.65,40.48 avg 40.978
CFB1M continuum smoothing 2 zoom smoothing 8 zoom width 6 40.24,42.96,39.29,43.11,51.35 avg 43.39
CFB1M continuum smoothing 2 zoom smoothing 8 zoom width 7 51.16,59.84,48.85,49.30,53.77 avg 52.584
CFB1M continuum smoothing 2 zoom smoothing 8 zoom width 8 62.98,49.68,60.63,62.49,57.61 avg 58.678
CFB1M continuum smoothing 2 zoom smoothing 8 zoom width 9 66.76,71.11,70.14,69.82,73.35 avg 70.236
CFB1M continuum smoothing 2 zoom smoothing 8 zoom width 10 66.72,65.45,81.51,77.37,80.05 avg 74.22
CFB1M continuum smoothing 2 zoom smoothing 8 zoom width 11 79.11,73.52,84.64,75.53,97.09 avg 81.978
CFB1M continuum smoothing 2 zoom smoothing 8 zoom width 12 83.50,82.58,78.71,74.04,93.11 avg 82.388
CFB1M continuum smoothing 2 zoom smoothing 8 zoom width 13 94.04,90.30,82.10,76.61,83.82 avg 85.374
CFB1M continuum smoothing 2 zoom smoothing 8 zoom width 14 81.60,82.12,83.39,104.40,101.05 avg 90.512
CFB1M continuum smoothing 2 zoom smoothing 8 zoom width 15 111.70,101.74,100.00,95.40,92.07 avg 100.182
CFB1M continuum smoothing 2 zoom smoothing 8 zoom width 16 113.48,100.62,109.62,109.01,97.24 avg 105.994
CFB1M continuum smoothing 2 zoom smoothing 16 zoom width 1 17.53,21.76,21.12,20.40,25.29 avg 21.22
CFB1M continuum smoothing 2 zoom smoothing 16 zoom width 2 22.58,21.65,21.18,23.12,26.72 avg 23.05
CFB1M continuum smoothing 2 zoom smoothing 16 zoom width 3 27.88,26.18,26.25,26.91,25.78 avg 26.6
CFB1M continuum smoothing 2 zoom smoothing 16 zoom width 4 30.39,38.69,34.24,34.35,32.70 avg 34.074
CFB1M continuum smoothing 2 zoom smoothing 16 zoom width 5 41.17,43.55,41.71,40.49,46.74 avg 42.732
CFB1M continuum smoothing 2 zoom smoothing 16 zoom width 6 53.35,48.00,40.82,47.34,49.13 avg 47.728
CFB1M continuum smoothing 2 zoom smoothing 16 zoom width 7 52.40,54.79,41.97,48.15,55.57 avg 50.576
CFB1M continuum smoothing 2 zoom smoothing 16 zoom width 8 50.25,61.99,48.78,51.85,64.86 avg 55.546
CFB1M continuum smoothing 2 zoom smoothing 16 zoom width 9 64.97,71.73,58.12,60.96,62.83 avg 63.722
CFB1M continuum smoothing 2 zoom smoothing 16 zoom width 10 64.55,59.34,64.54,63.70,63.03 avg 63.032
CFB1M continuum smoothing 2 zoom smoothing 16 zoom width 11 76.59,77.45,75.81,62.05,80.56 avg 74.492
CFB1M continuum smoothing 2 zoom smoothing 16 zoom width 12 73.42,71.11,83.78,82.19,81.08 avg 78.316
CFB1M continuum smoothing 2 zoom smoothing 16 zoom width 13 75.83,89.44,87.18,81.37,94.26 avg 85.616
CFB1M continuum smoothing 2 zoom smoothing 16 zoom width 14 93.98,87.29,83.67,94.54,101.69 avg 92.234
CFB1M continuum smoothing 2 zoom smoothing 16 zoom width 15 94.82,96.72,109.01,82.16,83.60 avg 93.262
CFB1M continuum smoothing 2 zoom smoothing 16 zoom width 16 114.25,104.43,99.83,108.41,110.53 avg 107.49
CFB1M continuum smoothing 4 zoom smoothing 1 zoom width 1 20.65,20.41,19.62,18.63,24.12 avg 20.686
CFB1M continuum smoothing 4 zoom smoothing 1 zoom width 2 24.02,25.38,23.80,23.80,24.75 avg 24.35
CFB1M continuum smoothing 4 zoom smoothing 1 zoom width 3 27.74,28.60,26.74,24.73,29.37 avg 27.436
CFB1M continuum smoothing 4 zoom smoothing 1 zoom width 4 36.04,40.07,31.91,32.63,45.21 avg 37.172
CFB1M continuum smoothing 4 zoom smoothing 1 zoom width 5 45.45,44.00,47.83,55.85,43.81 avg 47.388
CFB1M continuum smoothing 4 zoom smoothing 1 zoom width 6 42.19,47.20,49.44,45.62,58.19 avg 48.528
CFB1M continuum smoothing 4 zoom smoothing 1 zoom width 7 48.02,54.91,54.01,54.14,48.20 avg 51.856
CFB1M continuum smoothing 4 zoom smoothing 1 zoom width 8 60.37,62.10,57.74,61.88,64.39 avg 61.296
CFB1M continuum smoothing 4 zoom smoothing 1 zoom width 9 62.59,57.28,69.45,57.41,74.68 avg 64.282
CFB1M continuum smoothing 4 zoom smoothing 1 zoom width 10 70.99,64.41,80.34,71.27,75.33 avg 72.468
CFB1M continuum smoothing 4 zoom smoothing 1 zoom width 11 70.36,81.80,66.47,85.88,76.91 avg 76.284
CFB1M continuum smoothing 4 zoom smoothing 1 zoom width 12 82.99,86.19,92.31,89.36,79.62 avg 86.094
CFB1M continuum smoothing 4 zoom smoothing 1 zoom width 13 81.40,96.74,106.05,79.25,101.17 avg 92.922
CFB1M continuum smoothing 4 zoom smoothing 1 zoom width 14 105.53,79.71,105.78,98.71,106.17 avg 99.18
CFB1M continuum smoothing 4 zoom smoothing 1 zoom width 15 81.45,106.41,81.85,94.11,108.58 avg 94.48
CFB1M continuum smoothing 4 zoom smoothing 1 zoom width 16 107.07,124.50,119.11,90.30,107.86 avg 109.768
CFB1M continuum smoothing 4 zoom smoothing 2 zoom width 1 18.75,21.98,19.32,20.44,26.60 avg 21.418
CFB1M continuum smoothing 4 zoom smoothing 2 zoom width 2 23.43,22.18,22.37,21.63,28.21 avg 23.564
CFB1M continuum smoothing 4 zoom smoothing 2 zoom width 3 25.36,26.12,26.01,27.10,30.40 avg 26.998
CFB1M continuum smoothing 4 zoom smoothing 2 zoom width 4 36.67,34.42,32.59,32.53,39.62 avg 35.166
CFB1M continuum smoothing 4 zoom smoothing 2 zoom width 5 39.70,46.72,43.40,42.03,48.95 avg 44.16
CFB1M continuum smoothing 4 zoom smoothing 2 zoom width 6 48.81,49.53,45.52,48.49,50.50 avg 48.57
CFB1M continuum smoothing 4 zoom smoothing 2 zoom width 7 45.74,52.64,55.74,46.74,48.27 avg 49.826
CFB1M continuum smoothing 4 zoom smoothing 2 zoom width 8 60.61,61.96,64.51,61.59,65.89 avg 62.912
CFB1M continuum smoothing 4 zoom smoothing 2 zoom width 9 72.19,68.63,73.61,66.50,69.91 avg 70.168
CFB1M continuum smoothing 4 zoom smoothing 2 zoom width 10 73.03,61.82,75.85,82.97,70.93 avg 72.92
CFB1M continuum smoothing 4 zoom smoothing 2 zoom width 11 70.95,77.52,75.56,77.02,79.02 avg 76.014
CFB1M continuum smoothing 4 zoom smoothing 2 zoom width 12 68.78,76.30,87.44,82.54,89.21 avg 80.854
CFB1M continuum smoothing 4 zoom smoothing 2 zoom width 13 80.80,77.87,84.07,76.63,92.44 avg 82.362
CFB1M continuum smoothing 4 zoom smoothing 2 zoom width 14 83.55,98.60,81.51,99.18,92.56 avg 91.08
CFB1M continuum smoothing 4 zoom smoothing 2 zoom width 15 86.47,81.93,99.00,102.09,99.98 avg 93.894
CFB1M continuum smoothing 4 zoom smoothing 2 zoom width 16 116.41,89.65,91.85,113.40,116.89 avg 105.64
CFB1M continuum smoothing 4 zoom smoothing 4 zoom width 1 19.55,20.66,18.54,19.49,24.19 avg 20.486
CFB1M continuum smoothing 4 zoom smoothing 4 zoom width 2 20.37,24.08,23.73,25.24,24.31 avg 23.546
CFB1M continuum smoothing 4 zoom smoothing 4 zoom width 3 25.79,28.03,23.84,27.57,25.71 avg 26.188
CFB1M continuum smoothing 4 zoom smoothing 4 zoom width 4 34.12,34.11,31.38,34.78,40.10 avg 34.898
CFB1M continuum smoothing 4 zoom smoothing 4 zoom width 5 43.63,41.04,45.00,45.93,49.25 avg 44.97
CFB1M continuum smoothing 4 zoom smoothing 4 zoom width 6 42.15,41.48,39.39,45.60,52.39 avg 44.202
CFB1M continuum smoothing 4 zoom smoothing 4 zoom width 7 55.75,45.44,53.29,42.79,46.21 avg 48.696
CFB1M continuum smoothing 4 zoom smoothing 4 zoom width 8 58.49,59.83,63.12,53.17,58.59 avg 58.64
CFB1M continuum smoothing 4 zoom smoothing 4 zoom width 9 74.27,56.93,65.72,73.81,71.41 avg 68.428
CFB1M continuum smoothing 4 zoom smoothing 4 zoom width 10 60.31,68.10,70.65,59.19,72.27 avg 66.104
CFB1M continuum smoothing 4 zoom smoothing 4 zoom width 11 65.64,70.85,63.47,72.10,84.31 avg 71.274
CFB1M continuum smoothing 4 zoom smoothing 4 zoom width 12 70.41,71.56,89.98,83.71,73.23 avg 77.778
CFB1M continuum smoothing 4 zoom smoothing 4 zoom width 13 77.09,94.97,78.04,93.72,83.93 avg 85.55
CFB1M continuum smoothing 4 zoom smoothing 4 zoom width 14 95.71,98.04,94.43,97.78,105.06 avg 98.204
CFB1M continuum smoothing 4 zoom smoothing 4 zoom width 15 95.37,103.90,106.66,97.30,85.77 avg 97.8
CFB1M continuum smoothing 4 zoom smoothing 4 zoom width 16 124.10,106.25,106.63,103.39,90.04 avg 106.082
CFB1M continuum smoothing 4 zoom smoothing 8 zoom width 1 20.32,23.04,18.14,20.28,20.55 avg 20.466
CFB1M continuum smoothing 4 zoom smoothing 8 zoom width 2 23.47,23.37,20.29,24.41,28.22 avg 23.952
CFB1M continuum smoothing 4 zoom smoothing 8 zoom width 3 27.78,26.84,25.45,28.51,29.50 avg 27.616
CFB1M continuum smoothing 4 zoom smoothing 8 zoom width 4 31.23,33.51,32.36,40.39,37.58 avg 35.014
CFB1M continuum smoothing 4 zoom smoothing 8 zoom width 5 42.27,39.87,44.42,45.15,52.89 avg 44.92
CFB1M continuum smoothing 4 zoom smoothing 8 zoom width 6 48.22,46.28,43.32,49.98,48.94 avg 47.348
CFB1M continuum smoothing 4 zoom smoothing 8 zoom width 7 56.89,50.37,52.45,46.09,54.81 avg 52.122
CFB1M continuum smoothing 4 zoom smoothing 8 zoom width 8 59.57,60.08,55.64,49.87,64.38 avg 57.908
CFB1M continuum smoothing 4 zoom smoothing 8 zoom width 9 66.95,70.85,61.83,72.99,60.44 avg 66.612
CFB1M continuum smoothing 4 zoom smoothing 8 zoom width 10 61.95,74.50,76.05,67.10,61.43 avg 68.206
CFB1M continuum smoothing 4 zoom smoothing 8 zoom width 11 64.71,76.67,85.88,74.92,85.04 avg 77.444
CFB1M continuum smoothing 4 zoom smoothing 8 zoom width 12 83.57,91.44,82.09,68.79,92.33 avg 83.644
CFB1M continuum smoothing 4 zoom smoothing 8 zoom width 13 91.31,91.21,80.45,94.91,98.33 avg 91.242
CFB1M continuum smoothing 4 zoom smoothing 8 zoom width 14 79.81,93.78,94.64,82.07,101.46 avg 90.352
CFB1M continuum smoothing 4 zoom smoothing 8 zoom width 15 86.21,97.18,99.81,101.23,92.22 avg 95.33
CFB1M continuum smoothing 4 zoom smoothing 8 zoom width 16 96.56,94.59,110.15,121.26,109.02 avg 106.316
CFB1M continuum smoothing 4 zoom smoothing 16 zoom width 1 18.12,18.90,19.00,20.79,25.02 avg 20.366
CFB1M continuum smoothing 4 zoom smoothing 16 zoom width 2 20.98,24.73,23.25,26.77,26.74 avg 24.494
CFB1M continuum smoothing 4 zoom smoothing 16 zoom width 3 25.66,29.61,25.51,23.82,29.89 avg 26.898
CFB1M continuum smoothing 4 zoom smoothing 16 zoom width 4 34.02,37.92,36.72,31.11,42.78 avg 36.51
CFB1M continuum smoothing 4 zoom smoothing 16 zoom width 5 40.40,43.59,36.93,37.50,49.32 avg 41.548
CFB1M continuum smoothing 4 zoom smoothing 16 zoom width 6 48.25,40.29,53.84,40.01,51.89 avg 46.856
CFB1M continuum smoothing 4 zoom smoothing 16 zoom width 7 50.82,52.33,49.15,51.85,55.28 avg 51.886
CFB1M continuum smoothing 4 zoom smoothing 16 zoom width 8 61.01,59.63,66.31,58.35,53.70 avg 59.8
CFB1M continuum smoothing 4 zoom smoothing 16 zoom width 9 77.81,65.01,69.82,76.72,73.23 avg 72.518
CFB1M continuum smoothing 4 zoom smoothing 16 zoom width 10 73.57,59.75,68.75,73.56,79.73 avg 71.072
CFB1M continuum smoothing 4 zoom smoothing 16 zoom width 11 84.84,63.64,77.62,66.42,79.69 avg 74.442
CFB1M continuum smoothing 4 zoom smoothing 16 zoom width 12 80.99,73.67,67.85,87.90,71.08 avg 76.298
CFB1M continuum smoothing 4 zoom smoothing 16 zoom width 13 80.65,94.34,86.55,91.93,83.51 avg 87.396
CFB1M continuum smoothing 4 zoom smoothing 16 zoom width 14 82.68,97.21,78.85,99.47,101.08 avg 91.858
CFB1M continuum smoothing 4 zoom smoothing 16 zoom width 15 100.77,108.09,85.54,104.11,93.04 avg 98.31
CFB1M continuum smoothing 4 zoom smoothing 16 zoom width 16 105.65,122.85,107.47,103.60,114.92 avg 110.898
CFB1M continuum smoothing 8 zoom smoothing 1 zoom width 1 19.79,22.48,20.45,21.41,20.66 avg 20.958
CFB1M continuum smoothing 8 zoom smoothing 1 zoom width 2 25.56,26.72,25.12,26.21,28.27 avg 26.376
CFB1M continuum smoothing 8 zoom smoothing 1 zoom width 3 24.50,28.50,25.57,27.98,32.95 avg 27.9
CFB1M continuum smoothing 8 zoom smoothing 1 zoom width 4 36.47,33.12,33.57,32.13,39.71 avg 35
CFB1M continuum smoothing 8 zoom smoothing 1 zoom width 5 46.49,45.10,37.34,45.15,41.74 avg 43.164
CFB1M continuum smoothing 8 zoom smoothing 1 zoom width 6 47.32,42.00,50.94,51.26,46.09 avg 47.522
CFB1M continuum smoothing 8 zoom smoothing 1 zoom width 7 51.01,43.22,45.04,47.38,55.75 avg 48.48
CFB1M continuum smoothing 8 zoom smoothing 1 zoom width 8 49.39,62.83,52.99,62.08,56.52 avg 56.762
CFB1M continuum smoothing 8 zoom smoothing 1 zoom width 9 71.01,69.23,66.26,57.64,59.87 avg 64.802
CFB1M continuum smoothing 8 zoom smoothing 1 zoom width 10 65.54,75.26,59.30,77.63,73.92 avg 70.33
CFB1M continuum smoothing 8 zoom smoothing 1 zoom width 11 80.20,69.62,67.33,79.55,70.06 avg 73.352
CFB1M continuum smoothing 8 zoom smoothing 1 zoom width 12 83.75,85.96,97.06,72.60,74.40 avg 82.754
CFB1M continuum smoothing 8 zoom smoothing 1 zoom width 13 90.90,94.18,93.50,80.49,94.30 avg 90.674
CFB1M continuum smoothing 8 zoom smoothing 1 zoom width 14 95.99,99.18,90.38,82.37,97.00 avg 92.984
CFB1M continuum smoothing 8 zoom smoothing 1 zoom width 15 86.88,87.83,105.51,96.01,85.33 avg 92.312
CFB1M continuum smoothing 8 zoom smoothing 1 zoom width 16 95.93,108.07,109.88,108.92,116.64 avg 107.888
CFB1M continuum smoothing 8 zoom smoothing 2 zoom width 1 20.95,20.99,18.33,18.74,22.65 avg 20.332
CFB1M continuum smoothing 8 zoom smoothing 2 zoom width 2 24.36,23.79,20.42,22.21,24.88 avg 23.132
CFB1M continuum smoothing 8 zoom smoothing 2 zoom width 3 26.91,26.77,26.88,28.61,29.27 avg 27.688
CFB1M continuum smoothing 8 zoom smoothing 2 zoom width 4 36.18,35.13,37.63,33.27,33.39 avg 35.12
CFB1M continuum smoothing 8 zoom smoothing 2 zoom width 5 38.92,48.01,48.11,43.88,41.00 avg 43.984
CFB1M continuum smoothing 8 zoom smoothing 2 zoom width 6 39.61,50.22,44.06,49.47,54.31 avg 47.534
CFB1M continuum smoothing 8 zoom smoothing 2 zoom width 7 45.58,54.23,53.89,48.03,57.25 avg 51.796
CFB1M continuum smoothing 8 zoom smoothing 2 zoom width 8 58.41,58.48,59.35,58.40,65.16 avg 59.96
CFB1M continuum smoothing 8 zoom smoothing 2 zoom width 9 62.16,62.89,63.07,69.11,67.65 avg 64.976
CFB1M continuum smoothing 8 zoom smoothing 2 zoom width 10 64.08,77.80,73.67,78.72,76.21 avg 74.096
CFB1M continuum smoothing 8 zoom smoothing 2 zoom width 11 86.95,71.17,66.21,66.17,81.81 avg 74.462
CFB1M continuum smoothing 8 zoom smoothing 2 zoom width 12 74.21,95.14,91.16,77.82,76.31 avg 82.928
CFB1M continuum smoothing 8 zoom smoothing 2 zoom width 13 98.54,102.40,96.08,83.78,93.41 avg 94.842
CFB1M continuum smoothing 8 zoom smoothing 2 zoom width 14 81.10,86.04,96.50,102.08,115.66 avg 96.276
CFB1M continuum smoothing 8 zoom smoothing 2 zoom width 15 86.44,85.82,101.76,114.39,118.78 avg 101.438
CFB1M continuum smoothing 8 zoom smoothing 2 zoom width 16 94.34,106.83,116.38,103.41,97.17 avg 103.626
CFB1M continuum smoothing 8 zoom smoothing 4 zoom width 1 19.61,19.63,20.13,21.42,24.50 avg 21.058
CFB1M continuum smoothing 8 zoom smoothing 4 zoom width 2 23.54,24.66,23.77,22.24,30.03 avg 24.848
CFB1M continuum smoothing 8 zoom smoothing 4 zoom width 3 26.14,23.48,27.02,26.51,33.97 avg 27.424
CFB1M continuum smoothing 8 zoom smoothing 4 zoom width 4 33.43,37.66,31.01,38.51,39.17 avg 35.956
CFB1M continuum smoothing 8 zoom smoothing 4 zoom width 5 44.87,46.14,46.42,37.94,51.11 avg 45.296
CFB1M continuum smoothing 8 zoom smoothing 4 zoom width 6 45.51,47.04,39.98,48.87,48.32 avg 45.944
CFB1M continuum smoothing 8 zoom smoothing 4 zoom width 7 43.03,56.22,50.43,50.70,52.98 avg 50.672
CFB1M continuum smoothing 8 zoom smoothing 4 zoom width 8 57.38,51.75,60.43,61.00,63.92 avg 58.896
CFB1M continuum smoothing 8 zoom smoothing 4 zoom width 9 60.83,64.20,68.20,68.25,74.88 avg 67.272
CFB1M continuum smoothing 8 zoom smoothing 4 zoom width 10 73.51,64.15,74.76,70.39,73.91 avg 71.344
CFB1M continuum smoothing 8 zoom smoothing 4 zoom width 11 65.46,72.10,61.92,82.73,83.95 avg 73.232
CFB1M continuum smoothing 8 zoom smoothing 4 zoom width 12 86.91,86.63,78.68,80.79,92.95 avg 85.192
CFB1M continuum smoothing 8 zoom smoothing 4 zoom width 13 89.05,77.93,89.33,88.72,96.13 avg 88.232
CFB1M continuum smoothing 8 zoom smoothing 4 zoom width 14 109.79,99.86,80.97,113.04,100.33 avg 100.798
CFB1M continuum smoothing 8 zoom smoothing 4 zoom width 15 95.55,95.37,80.50,105.30,96.42 avg 94.628
CFB1M continuum smoothing 8 zoom smoothing 4 zoom width 16 102.42,101.04,88.10,95.52,90.77 avg 95.57
CFB1M continuum smoothing 8 zoom smoothing 8 zoom width 1 18.71,19.39,22.67,19.02,26.51 avg 21.26
CFB1M continuum smoothing 8 zoom smoothing 8 zoom width 2 20.41,22.78,23.97,23.55,26.73 avg 23.488
CFB1M continuum smoothing 8 zoom smoothing 8 zoom width 3 23.94,27.01,27.05,29.42,26.25 avg 26.734
CFB1M continuum smoothing 8 zoom smoothing 8 zoom width 4 35.96,31.59,30.68,36.21,44.15 avg 35.718
CFB1M continuum smoothing 8 zoom smoothing 8 zoom width 5 38.98,45.58,47.93,47.19,52.10 avg 46.356
CFB1M continuum smoothing 8 zoom smoothing 8 zoom width 6 48.52,47.90,47.58,49.02,51.37 avg 48.878
CFB1M continuum smoothing 8 zoom smoothing 8 zoom width 7 46.24,45.57,50.18,52.81,48.68 avg 48.696
CFB1M continuum smoothing 8 zoom smoothing 8 zoom width 8 56.83,58.81,67.63,70.61,70.86 avg 64.948
CFB1M continuum smoothing 8 zoom smoothing 8 zoom width 9 71.99,64.69,60.50,73.80,68.97 avg 67.99
CFB1M continuum smoothing 8 zoom smoothing 8 zoom width 10 68.10,63.34,68.73,61.63,76.38 avg 67.636
CFB1M continuum smoothing 8 zoom smoothing 8 zoom width 11 76.63,86.35,85.07,63.87,87.36 avg 79.856
CFB1M continuum smoothing 8 zoom smoothing 8 zoom width 12 77.32,82.66,71.75,83.27,85.88 avg 80.176
CFB1M continuum smoothing 8 zoom smoothing 8 zoom width 13 95.31,91.79,88.89,94.87,113.31 avg 96.834
CFB1M continuum smoothing 8 zoom smoothing 8 zoom width 14 85.68,92.43,91.66,78.98,97.66 avg 89.282
CFB1M continuum smoothing 8 zoom smoothing 8 zoom width 15 80.61,83.81,83.55,106.96,102.42 avg 91.47
CFB1M continuum smoothing 8 zoom smoothing 8 zoom width 16 88.49,94.43,106.97,113.38,114.21 avg 103.496
CFB1M continuum smoothing 8 zoom smoothing 16 zoom width 1 18.26,20.82,20.85,20.50,25.44 avg 21.174
CFB1M continuum smoothing 8 zoom smoothing 16 zoom width 2 24.43,22.27,23.01,21.95,27.05 avg 23.742
CFB1M continuum smoothing 8 zoom smoothing 16 zoom width 3 26.95,23.90,23.55,30.75,28.76 avg 26.782
CFB1M continuum smoothing 8 zoom smoothing 16 zoom width 4 31.43,41.95,36.87,34.90,37.66 avg 36.562
CFB1M continuum smoothing 8 zoom smoothing 16 zoom width 5 40.22,44.57,43.09,48.48,46.36 avg 44.544
CFB1M continuum smoothing 8 zoom smoothing 16 zoom width 6 41.61,50.11,44.83,48.09,54.99 avg 47.926
CFB1M continuum smoothing 8 zoom smoothing 16 zoom width 7 41.73,51.79,44.68,52.01,55.77 avg 49.196
CFB1M continuum smoothing 8 zoom smoothing 16 zoom width 8 58.19,50.03,61.48,52.52,61.38 avg 56.72
CFB1M continuum smoothing 8 zoom smoothing 16 zoom width 9 61.88,73.73,65.52,74.08,63.85 avg 67.812
CFB1M continuum smoothing 8 zoom smoothing 16 zoom width 10 63.09,63.79,75.90,60.16,76.23 avg 67.834
CFB1M continuum smoothing 8 zoom smoothing 16 zoom width 11 78.69,65.57,74.84,67.85,78.63 avg 73.116
CFB1M continuum smoothing 8 zoom smoothing 16 zoom width 12 86.81,95.68,71.68,72.10,91.44 avg 83.542
CFB1M continuum smoothing 8 zoom smoothing 16 zoom width 13 80.41,82.04,106.32,84.64,101.60 avg 91.002
CFB1M continuum smoothing 8 zoom smoothing 16 zoom width 14 98.46,85.12,83.17,100.68,102.37 avg 93.96
CFB1M continuum smoothing 8 zoom smoothing 16 zoom width 15 99.08,82.24,97.58,97.23,86.53 avg 92.532
CFB1M continuum smoothing 8 zoom smoothing 16 zoom width 16 101.45,109.64,102.95,91.30,126.66 avg 106.4
CFB1M continuum smoothing 16 zoom smoothing 1 zoom width 1 19.33,22.01,20.98,18.87,21.97 avg 20.632
CFB1M continuum smoothing 16 zoom smoothing 1 zoom width 2 20.93,27.93,20.93,22.59,25.05 avg 23.486
CFB1M continuum smoothing 16 zoom smoothing 1 zoom width 3 23.23,25.76,25.39,26.36,28.89 avg 25.926
CFB1M continuum smoothing 16 zoom smoothing 1 zoom width 4 39.84,36.15,30.93,30.89,35.28 avg 34.618
CFB1M continuum smoothing 16 zoom smoothing 1 zoom width 5 40.09,41.37,43.32,51.12,47.97 avg 44.774
CFB1M continuum smoothing 16 zoom smoothing 1 zoom width 6 45.98,52.15,48.19,49.69,58.91 avg 50.984
CFB1M continuum smoothing 16 zoom smoothing 1 zoom width 7 49.55,51.14,53.38,54.33,46.04 avg 50.888
CFB1M continuum smoothing 16 zoom smoothing 1 zoom width 8 69.36,68.83,58.41,58.33,57.16 avg 62.418
CFB1M continuum smoothing 16 zoom smoothing 1 zoom width 9 59.26,57.69,80.99,71.20,65.83 avg 66.994
CFB1M continuum smoothing 16 zoom smoothing 1 zoom width 10 73.73,76.62,67.67,74.28,81.14 avg 74.688
CFB1M continuum smoothing 16 zoom smoothing 1 zoom width 11 68.14,74.33,64.34,65.65,65.40 avg 67.572
CFB1M continuum smoothing 16 zoom smoothing 1 zoom width 12 74.37,92.77,87.01,90.42,74.76 avg 83.866
CFB1M continuum smoothing 16 zoom smoothing 1 zoom width 13 87.32,80.65,92.97,84.47,79.88 avg 85.058
CFB1M continuum smoothing 16 zoom smoothing 1 zoom width 14 81.63,102.64,99.04,103.54,88.56 avg 95.082
CFB1M continuum smoothing 16 zoom smoothing 1 zoom width 15 101.78,82.46,90.49,99.84,101.39 avg 95.192
CFB1M continuum smoothing 16 zoom smoothing 1 zoom width 16 101.86,113.39,110.48,112.29,108.28 avg 109.26
CFB1M continuum smoothing 16 zoom smoothing 2 zoom width 1 21.90,21.68,18.36,21.30,23.81 avg 21.41
CFB1M continuum smoothing 16 zoom smoothing 2 zoom width 2 21.57,24.76,20.87,26.51,27.53 avg 24.248
CFB1M continuum smoothing 16 zoom smoothing 2 zoom width 3 27.61,24.54,23.72,27.22,29.28 avg 26.474
CFB1M continuum smoothing 16 zoom smoothing 2 zoom width 4 35.74,31.43,39.16,38.43,40.92 avg 37.136
CFB1M continuum smoothing 16 zoom smoothing 2 zoom width 5 46.31,43.54,38.11,45.79,43.99 avg 43.548
CFB1M continuum smoothing 16 zoom smoothing 2 zoom width 6 49.85,50.68,46.67,44.56,45.59 avg 47.47
CFB1M continuum smoothing 16 zoom smoothing 2 zoom width 7 44.77,45.25,48.64,51.10,44.99 avg 46.95
CFB1M continuum smoothing 16 zoom smoothing 2 zoom width 8 54.11,55.28,57.54,53.88,68.49 avg 57.86
